<?xml version="1.0" encoding="UTF-8"?>
<!-- Generated by org.testng.reporters.JUnitReportReporter -->
<testsuite skipped="0" hostname="DESKTOP-QH08G25" name="test.TESTActitimeLogin" tests="1" failures="0" timestamp="04 Jan 2020 10:54:55 GMT" time="31.143" errors="0">
  <testcase name="login" time="31.143" classname="test.TESTActitimeLogin"/>
</testsuite> <!-- test.TESTActitimeLogin -->
